1436910236011,14257,/item/32184
1436910236012,62938,/item/70823
1436910236015,16722,/item/48717
1436910236016,70264,/item/26506
1436910236016,89892,/item/90730
1436910236018,78973,/item/81218
1436910236019,37828,/item/45580
1436910236020,12994,/item/31483
1436910236020,86095,/item/16504
1436910236020,21262,/item/46293
1436910236022,71243,/item/61450
1436910236022,20366,/item/48404
1436910236023,30618,/item/67882
1436910236023,35835,/item/25299
1436910236024,59336,/item/95021
1436910236024,90939,/item/39859
1436910236025,35080,/item/21471
1436910236026,12770,/item/60462
1436910236027,75716,/item/15542
1436910236028,58922,/item/75569
1436910236028,11826,/item/98786
1436910236029,12444,/item/69007
1436910236029,35623,/item/53577
1436910236029,54297,/item/87136
1436910236032,16456,/item/37194
1436910236032,80849,/item/23010
1436910236033,13390,/item/40818
1436910236034,37554,/item/63554
1436910236035,71933,/item/36146
1436910236037,33062,/item/99087
1436910236038,51665,/item/17549
1436910236039,35463,/item/82393
1436910236040,46849,/item/64087
1436910236041,25669,/item/93079
1436910236044,63991,/item/38913
1436910236046,19940,/item/40476
1436910236047,55954,/item/76496
1436910236052,11988,/item/12506
1436910236053,91520,/item/22042
1436910236054,95381,/item/52722
1436910236055,96843,/item/78701
1436910236055,53003,/item/39939
1436910236056,96444,/item/93427
1436910236060,23459,/item/70860
1436910236060,33061,/item/31972
1436910236060,91630,/item/16557
1436910236060,85191,/item/13378
1436910236061,55049,/item/38514
1436910236062,71879,/item/42012
1436910236062,10980,/item/73576
1436910236063,42291,/item/49253
1436910236064,86994,/item/78765
1436910236067,44326,/item/48704
1436910236068,97038,/item/69533
1436910236068,37541,/item/36208
1436910236071,74456,/item/64959
1436910236071,72117,/item/57565
1436910236072,45501,/item/23316
1436910236073,90640,/item/29186
1436910236074,13724,/item/70774
1436910236075,49517,/item/28582
1436910236075,63391,/item/69727
1436910236076,34372,/item/16127
1436910236077,36653,/item/68330
1436910236079,67552,/item/80896
1436910236079,15314,/item/94780
1436910236080,64645,/item/75543
1436910236082,32168,/item/25151
1436910236083,73233,/item/25096
1436910236084,41890,/item/32595
1436910236084,18247,/item/18426
1436910236084,89067,/item/50507
1436910236085,50035,/item/37405
1436910236086,92865,/item/76199
1436910236086,34578,/item/35309
1436910236086,36453,/item/54602
1436910236086,73228,/item/53143
1436910236087,83206,/item/64911
1436910236088,21619,/item/46122
1436910236090,46456,/item/72319
1436910236091,35403,/item/56610
1436910236092,38329,/item/97330
1436910236093,98244,/item/75746
1436910236094,31563,/item/32273
1436910236094,25018,/item/52717
1436910236095,45794,/item/17149
1436910236096,18213,/item/21791
1436910236097,21784,/item/45606
1436910236099,15643,/item/93182
1436910236099,94283,/item/77326
1436910236099,67215,/item/41536
1436910236101,52825,/item/43213
1436910236102,62749,/item/56712
1436910236103,46580,/item/99154
1436910236105,31216,/item/84653
1436910236106,32665,/item/82171
1436910236106,68055,/item/15541
1436910236107,63986,/item/52136
1436910236107,51622,/item/32064
1436910236108,34792,/item/86436